\BOOKMARK [1][-]{section.1}{\376\377\230\230\166\356\116\000\377\032\147\072\126\150\174\276\136\246\060\001\116\013\156\242\120\074\116\016\116\012\156\242\120\074}{}% 1
\BOOKMARK [2][-]{subsection.1.1}{\376\377\225\356\230\230}{section.1}% 2
\BOOKMARK [2][-]{subsection.1.2}{\376\377\173\227\154\325\140\035\215\357}{section.1}% 3
\BOOKMARK [2][-]{subsection.1.3}{\376\377\176\323\147\234\122\006\147\220}{section.1}% 4
\BOOKMARK [2][-]{subsection.1.4}{\376\377\176\323\213\272}{section.1}% 5
\BOOKMARK [1][-]{section.2}{\376\377\230\230\166\356\116\214\377\032\220\177\121\115\166\370\121\317\166\370\155\210\213\241\173\227\000\040\000y\000\040\000=\000\040\000x\000\040\000-\000\040\000s\000i\000n\000\050\000x\000\051}{}% 6
\BOOKMARK [2][-]{subsection.2.1}{\376\377\225\356\230\230}{section.2}% 7
\BOOKMARK [2][-]{subsection.2.2}{\376\377\173\227\154\325\140\035\215\357}{section.2}% 8
\BOOKMARK [2][-]{subsection.2.3}{\376\377\176\323\147\234\122\006\147\220}{section.2}% 9
\BOOKMARK [2][-]{subsection.2.4}{\376\377\176\323\213\272}{section.2}% 10
\BOOKMARK [1][-]{section.3}{\376\377\230\230\166\356\116\011\377\032\171\357\122\006\220\022\143\250\121\154\137\017\166\204\145\160\120\074\116\015\172\063\133\232\140\047}{}% 11
\BOOKMARK [2][-]{subsection.3.1}{\376\377\225\356\230\230}{section.3}% 12
\BOOKMARK [2][-]{subsection.3.2}{\376\377\173\227\154\325\140\035\215\357}{section.3}% 13
\BOOKMARK [2][-]{subsection.3.3}{\376\377\176\323\147\234\122\006\147\220}{section.3}% 14
\BOOKMARK [2][-]{subsection.3.4}{\376\377\176\323\213\272}{section.3}% 15
\BOOKMARK [1][-]{section.4}{\376\377\230\230\166\356\126\333\377\032\133\236\145\160\136\217\122\027\220\022\143\250\173\227\154\325\166\204\172\063\133\232\140\047}{}% 16
\BOOKMARK [2][-]{subsection.4.1}{\376\377\225\356\230\230}{section.4}% 17
\BOOKMARK [2][-]{subsection.4.2}{\376\377\173\227\154\325\140\035\215\357}{section.4}% 18
\BOOKMARK [2][-]{subsection.4.3}{\376\377\176\323\147\234\122\006\147\220}{section.4}% 19
\BOOKMARK [2][-]{subsection.4.4}{\376\377\176\323\213\272}{section.4}% 20
\BOOKMARK [1][-]{section.5}{\376\377\226\104\137\125\377\032\172\013\136\217\116\343\170\001}{}% 21
\BOOKMARK [2][-]{subsection.5.1}{\376\377\230\230\166\356\116\000}{section.5}% 22
\BOOKMARK [2][-]{subsection.5.2}{\376\377\230\230\166\356\116\214\150\070\137\303\116\343\170\001}{section.5}% 23
\BOOKMARK [2][-]{subsection.5.3}{\376\377\230\230\166\356\116\011\150\070\137\303\116\343\170\001}{section.5}% 24
\BOOKMARK [2][-]{subsection.5.4}{\376\377\230\230\166\356\126\333\150\070\137\303\116\343\170\001}{section.5}% 25
